0 info it worked if it ends with ok
1 verbose cli [ '/Users/magreenberg/.nvm/versions/node/v7.5.0/bin/node',
1 verbose cli   '/Users/magreenberg/.nvm/versions/node/v7.5.0/bin/npm',
1 verbose cli   'publish' ]
2 info using npm@4.1.2
3 info using node@v7.5.0
4 verbose publish [ '.' ]
5 silly cache add args [ '.', null ]
6 verbose cache add spec .
7 silly cache add parsed spec Result {
7 silly cache add   raw: '.',
7 silly cache add   scope: null,
7 silly cache add   escapedName: null,
7 silly cache add   name: null,
7 silly cache add   rawSpec: '.',
7 silly cache add   spec: '/Users/magreenberg/Desktop/FreesideCrap/freesidejs',
7 silly cache add   type: 'directory' }
8 verbose addLocalDirectory /Users/magreenberg/.npm/freesidejs/1.3.3/package.tgz not in flight; packing
9 verbose correctMkdir /Users/magreenberg/.npm correctMkdir not in flight; initializing
10 info lifecycle freesidejs@1.3.3~prepublish: freesidejs@1.3.3
11 silly lifecycle freesidejs@1.3.3~prepublish: no script for prepublish, continuing
12 info lifecycle freesidejs@1.3.3~prepare: freesidejs@1.3.3
13 silly lifecycle freesidejs@1.3.3~prepare: no script for prepare, continuing
14 verbose tar pack [ '/Users/magreenberg/.npm/freesidejs/1.3.3/package.tgz',
14 verbose tar pack   '/Users/magreenberg/Desktop/FreesideCrap/freesidejs' ]
15 verbose tarball /Users/magreenberg/.npm/freesidejs/1.3.3/package.tgz
16 verbose folder /Users/magreenberg/Desktop/FreesideCrap/freesidejs
17 verbose addLocalTarball adding from inside cache /Users/magreenberg/.npm/freesidejs/1.3.3/package.tgz
18 verbose correctMkdir /Users/magreenberg/.npm correctMkdir not in flight; initializing
19 silly cache afterAdd freesidejs@1.3.3
20 verbose afterAdd /Users/magreenberg/.npm/freesidejs/1.3.3/package/package.json not in flight; writing
21 verbose correctMkdir /Users/magreenberg/.npm correctMkdir not in flight; initializing
22 verbose afterAdd /Users/magreenberg/.npm/freesidejs/1.3.3/package/package.json written
23 silly publish { name: 'freesidejs',
23 silly publish   version: '1.3.3',
23 silly publish   description: 'Freeside API wrapper',
23 silly publish   main: 'freeside.js',
23 silly publish   scripts: { test: 'echo "Error: no test specified" && exit 1' },
23 silly publish   author: { name: 'Matthew Greenberg' },
23 silly publish   license: 'ISC',
23 silly publish   dependencies: { xml2js: '^0.4.17' },
23 silly publish   repository:
23 silly publish    { type: 'git',
23 silly publish      url: 'git+https://github.com/mattgreenberg/freesidejs.git' },
23 silly publish   readme: '# Freeside.js\n\n__This is a node.js API wrapper for [Freeside Billing Software](https://github.com/freeside/Freeside)__\n\nFreeside uses xml-rpc for its api. This wrapper will serialize methods and parameters for transport.\n___\n#### Installation\n\n``` \n# using npm\nnpm install freesidejs\n```\n\n#### Documentation\nYou will need to use the `require()` method to get the module into your project. If you are going to use the `post()` method, please specify your hostname and port of your freeside server.\n```\nvar Freeside = require(\'freesidejs\');\nFreeside.hostname = "127.0.0.1";\nFreeside.port = 8080;\nFreeside.timeout = 15000; //.post() timeout\n```\n\n**_Freeside.pack(methodName, params)_**\n\nThe `pack()` method can be used to generate an xml-rpc request body. It takes 2 parameters, a `methodName` which is a string, and a object `params` which has key value pairs. It is worth noting that all the parameters for a method must be included even if they are blank.\n\n``` javascript\n// generate an xml-rpc request for the freeside api\nvar xmlData = Freeside.pack("login", {\n    email: "test@email.com",\n    username: "",\n    domain: "",\n    password: "password"\n});\n\n## VALUE OF xmlData ##\n<?xml version="1.0" encoding="utf-8"?>\n<methodCall>\n    <methodName>FS.ClientAPI_XMLRPC.login</methodName>\n    <params>\n        <param><value><string>email</string></value></param>\n        <param><value><string>test@email.com</string></value></param>\n        <param><value><string>username</string></value></param>\n        <param><value><string></string></value></param>\n        <param><value><string>domain</string></value></param>\n        <param><value><string></string></value></param>\n        <param><value><string>password</string></value></param>\n        <param><value><string>password</string></value></param>\n    </params>\n</methodCall>\n```\n\n**Acceptable methodName Strings**\n\'passwd\'\n\'chfn\'\n\'chsh\'\n\'login_info\'\n\'login_banner_image\'\n\'login\'\n\'logout\'\n\'switch_acct\'\n\'switch_cust\'\n\'customer_info\'\n\'customer_info_short\'\n\'customer_recurring\'\n\'contact_passwd\'\n\'list_contacts\'\n\'edit_contact\'\n\'delete_contact\'\n\'new_contact\'\n\'billing_history\'\n\'edit_info\'\n\'invoice\'\n\'invoice_pdf\'\n\'legacy_invoice\'\n\'legacy_invoice_pdf\'\n\'invoice_logo\'\n\'list_invoices\'\n\'list_payby\'\n\'insert_payby\'\n\'update_payby\'\n\'delete_payby\'\n\'cancel\'\n\'payment_info\'\n\'payment_info_renew_info\'\n\'process_payment\'\n\'store_payment\'\n\'process_stored_payment\'\n\'process_payment_order_pkg\'\n\'process_payment_change_pkg\'\n\'process_payment_order_renew\'\n\'process_prepay\'\n\'start_thirdparty\'\n\'finish_thirdparty\'\n\'realtime_collect\'\n\'list_pkgs\'\n\'list_svcs\'\n\'list_svc_usage\'\n\'svc_status_html\'\n\'svc_status_hash\'\n\'set_svc_status_hash\'\n\'set_svc_status_listadd\'\n\'set_svc_status_listdel\'\n\'set_svc_status_vacationadd\'\n\'set_svc_status_vacationdel\'\n\'acct_forward_info\'\n\'process_acct_forward\'\n\'list_dsl_devices\'\n\'add_dsl_device\'\n\'delete_dsl_device\'\n\'port_graph\'\n\'list_cdr_usage\'\n\'list_support_usage\'\n\'order_pkg\'\n\'change_pkg\'\n\'order_recharge\'\n\'renew_info\'\n\'order_renew\'\n\'cancel_pkg\'\n\'suspend_pkg\'\n\'charge\'\n\'part_svc_info\'\n\'provision_acct\'\n\'provision_phone\'\n\'provision_pbx\'\n\'provision_external\'\n\'unprovision_svc\'\n\'myaccount_passwd\'\n\'reset_passwd\'\n\'check_reset_passwd\'\n\'process_reset_passwd\'\n\'validate_passwd\'\n\'list_tickets\'\n\'create_ticket\'\n\'get_ticket\'\n\'adjust_ticket_priority\'\n\'did_report\'\n\'signup_info\'\n\'skin_info\'\n\'access_info\'\n\'domain_select_hash\'\n\'new_customer\'\n\'new_customer_minimal\'\n\'capture_payment\'\n\'clear_signup_cache\'\n\'new_prospect\'\n\'new_agent\'\n\'agent_login\'\n\'agent_logout\'\n\'agent_info\'\n\'agent_list_customers\'\n\'check_username\'\n\'suspend_username\'\n\'unsuspend_username\'\n\'mason_comp\'\n\'call_time\'\n\'call_time_nanpa\'\n\'phonenum_balance\'\n\'list_quotations\'\n\'quotation_new\'\n\'quotation_delete\'\n\'quotation_info\'\n\'quotation_print\'\n\'quotation_add_pkg\'\n\'quotation_remove_pkg\'\n\'quotation_order\'\n\'freesideinc_service\'\n\n\n**_Freeside.unpack(xmlResponse, callback(results))_**\n\nThe `unpack()` method will parse the xml-rpc response body. The parsed values are available through the callback results parameter.\n``` javascript\nFreeside.unpack(xmlResponse, function(results){\n    console.dir(results);\n    // results: { session_id: \'deb0bc80c62f04fa0fc759989886299e\', error: \'\' }\n});\n```\n\n**_Freeside.post(requestBody, callback(results))_**\n\nThe `post()` method will POST your xml-rpc request using http and provide the return xml body.\n```\nvar xmlData = Freeside.pack("login", {\n    email: "test@email.com",\n    username: "",\n    domain: "",\n    password: "password"\n});\nFreeside.post(xmlData, function(results){\n    console.log(results); // will be xml-rpc response body\n});\n```\n___\n## Full Use Example\n\n``` javascript\n\nvar Freeside = require(\'freesidejs\');\n\nvar xmlData = Freeside.pack("login", {\n    email: "test@email.com",\n    username: "",\n    domain: "",\n    password: "password"\n});\n\nFreeside.post(xmlData, function(xmlResponse){\n    \n    if(!xmlResponse){\n        console.error("No XML Response");\n    } else {\n        Freeside.unpack(xmlResponse, function(results){\n\n            if(results.error != null && results.error != ""){\n                // Handle Error best way you see fit\n                conosle.error(JSON.stringify(results));\n            } else if (results.faultCode != null){\n                // Should never happen, but better to be safe\n                console.error(JSON.stringify(results));\n            } else {\n\n                // Here is where you handle the data\n                console.log(results);\n\n            }\n\n        });\n    }\n\n}); ',
23 silly publish   readmeFilename: 'README.md',
23 silly publish   gitHead: '0b7b8aa918f0df1a06e81cb60d43de6f05160b52',
23 silly publish   bugs: { url: 'https://github.com/mattgreenberg/freesidejs/issues' },
23 silly publish   homepage: 'https://github.com/mattgreenberg/freesidejs#readme',
23 silly publish   _id: 'freesidejs@1.3.3',
23 silly publish   _shasum: 'bb072b286ac6ea9870dc94136ee6349c11e05436',
23 silly publish   _from: '.' }
24 info lifecycle freesidejs@1.3.3~prepublishOnly: freesidejs@1.3.3
25 silly lifecycle freesidejs@1.3.3~prepublishOnly: no script for prepublishOnly, continuing
26 verbose getPublishConfig undefined
27 silly mapToRegistry name freesidejs
28 silly mapToRegistry using default registry
29 silly mapToRegistry registry https://registry.npmjs.org/
30 silly mapToRegistry data Result {
30 silly mapToRegistry   raw: 'freesidejs',
30 silly mapToRegistry   scope: null,
30 silly mapToRegistry   escapedName: 'freesidejs',
30 silly mapToRegistry   name: 'freesidejs',
30 silly mapToRegistry   rawSpec: '',
30 silly mapToRegistry   spec: 'latest',
30 silly mapToRegistry   type: 'tag' }
31 silly mapToRegistry uri https://registry.npmjs.org/freesidejs
32 verbose publish registryBase https://registry.npmjs.org/
33 silly publish uploading /Users/magreenberg/.npm/freesidejs/1.3.3/package.tgz
34 verbose request uri https://registry.npmjs.org/freesidejs
35 verbose request sending authorization for write operation
36 info attempt registry request try #1 at 6:16:02 PM
37 verbose request using bearer token for auth
38 verbose request id 99a0b856f86362f0
39 http request PUT https://registry.npmjs.org/freesidejs
40 http 403 https://registry.npmjs.org/freesidejs
41 verbose headers { 'content-type': 'application/json',
41 verbose headers   'cache-control': 'max-age=300',
41 verbose headers   'content-length': '95',
41 verbose headers   'accept-ranges': 'bytes',
41 verbose headers   date: 'Tue, 11 Apr 2017 00:15:43 GMT',
41 verbose headers   via: '1.1 varnish',
41 verbose headers   connection: 'keep-alive',
41 verbose headers   'x-served-by': 'cache-msp9221-MSP',
41 verbose headers   'x-cache': 'MISS',
41 verbose headers   'x-cache-hits': '0',
41 verbose headers   'x-timer': 'S1491869743.858568,VS0,VE1014',
41 verbose headers   vary: 'Accept-Encoding' }
42 verbose request invalidating /Users/magreenberg/.npm/registry.npmjs.org/freesidejs on PUT
43 error publish Failed PUT 403
44 verbose stack Error: "You cannot publish over the previously published version 1.3.3." : freesidejs
44 verbose stack     at makeError (/Users/magreenberg/.nvm/versions/node/v7.5.0/lib/node_modules/npm/node_modules/npm-registry-client/lib/request.js:304:12)
44 verbose stack     at CachingRegistryClient.<anonymous> (/Users/magreenberg/.nvm/versions/node/v7.5.0/lib/node_modules/npm/node_modules/npm-registry-client/lib/request.js:292:14)
44 verbose stack     at Request._callback (/Users/magreenberg/.nvm/versions/node/v7.5.0/lib/node_modules/npm/node_modules/npm-registry-client/lib/request.js:212:14)
44 verbose stack     at Request.self.callback (/Users/magreenberg/.nvm/versions/node/v7.5.0/lib/node_modules/npm/node_modules/request/request.js:186:22)
44 verbose stack     at emitTwo (events.js:106:13)
44 verbose stack     at Request.emit (events.js:192:7)
44 verbose stack     at Request.<anonymous> (/Users/magreenberg/.nvm/versions/node/v7.5.0/lib/node_modules/npm/node_modules/request/request.js:1081:10)
44 verbose stack     at emitOne (events.js:96:13)
44 verbose stack     at Request.emit (events.js:189:7)
44 verbose stack     at IncomingMessage.<anonymous> (/Users/magreenberg/.nvm/versions/node/v7.5.0/lib/node_modules/npm/node_modules/request/request.js:1001:12)
45 verbose statusCode 403
46 verbose pkgid freesidejs
47 verbose cwd /Users/magreenberg/Desktop/FreesideCrap/freesidejs
48 error Darwin 14.5.0
49 error argv "/Users/magreenberg/.nvm/versions/node/v7.5.0/bin/node" "/Users/magreenberg/.nvm/versions/node/v7.5.0/bin/npm" "publish"
50 error node v7.5.0
51 error npm  v4.1.2
52 error code E403
53 error "You cannot publish over the previously published version 1.3.3." : freesidejs
54 error If you need help, you may report this error at:
54 error     <https://github.com/npm/npm/issues>
55 verbose exit [ 1, true ]
